###############################################################################
#
# IAR ANSI C/C++ Compiler V9.30.1.335/W64 for ARM         21/Dec/2022  02:09:51
# Copyright 1999-2022 IAR Systems AB.
#
#    Cpu mode          =  thumb
#    Endian            =  little
#    Source file       =
#        C:\code\Embedded_Lab\term_project\Libraries\MODULES\handler.c
#    Command line      =
#        -f
#        C:\code\Embedded_Lab\term_project\Debug\Obj\Libraries\MODULES\handler.o.rsp
#        (C:\code\Embedded_Lab\term_project\Libraries\MODULES\handler.c -D
#        USE_STDPERIPH_DRIVER -D STM32F10X_CL -lC
#        C:\code\Embedded_Lab\term_project\Debug\List\Libraries\MODULES -o
#        C:\code\Embedded_Lab\term_project\Debug\Obj\Libraries\MODULES --no_cse
#        --no_unroll --no_inline --no_code_motion --no_tbaa --no_clustering
#        --no_scheduling --debug --endian=little --cpu=Cortex-M3 -e --fpu=None
#        --dlib_config "C:\Program Files\IAR Systems\Embedded Workbench
#        9.1\arm\inc\c\DLib_Config_Normal.h" -I
#        C:\code\Embedded_Lab\term_project\libraries\CMSIS\DeviceSupport\ -I
#        C:\code\Embedded_Lab\term_project\libraries\CMSIS\DeviceSupport\Startup\
#        -I
#        C:\code\Embedded_Lab\term_project\libraries\STM32F10x_StdPeriph_Driver_v3.5\inc\
#        -I
#        C:\code\Embedded_Lab\term_project\libraries\STM32F10x_StdPeriph_Driver_v3.5\src\
#        -I C:\code\Embedded_Lab\term_project\libraries\LCD\ -I
#        C:\code\Embedded_Lab\term_project\libraries\MODULES\ -I
#        C:\code\Embedded_Lab\term_project\user\ -I
#        C:\code\Embedded_Lab\term_project\user\inc\ -Ol -I "C:\Program
#        Files\IAR Systems\Embedded Workbench 9.1\arm\CMSIS\Core\Include\\")
#        --dependencies=n
#        C:\code\Embedded_Lab\term_project\Debug\Obj\Libraries\MODULES\handler.o.d
#    Locale            =  C
#    List file         =
#        C:\code\Embedded_Lab\term_project\Debug\List\Libraries\MODULES\handler.lst
#    Object file       =
#        C:\code\Embedded_Lab\term_project\Debug\Obj\Libraries\MODULES\handler.o
#    Runtime model:       
#      __CPP_Runtime   =  1
#      __SystemLibrary =  DLib
#      __dlib_version  =  6
#      __size_limit    =  32768|ARM.EW.LINKER
#
###############################################################################

C:\code\Embedded_Lab\term_project\Libraries\MODULES\handler.c
      1          #include "handler.h"
      2          #include "stm32f10x.h"
      3          #include "dist.h"
      4          #include "ultra.h"
      5          #include "pir.h"
      6          #include "uart.h"
      7          

   \                                 In section .text, align 2, keep-with-next
      8          void ADC1_2_IRQHandler(void) {
   \                     ADC1_2_IRQHandler: (+1)
   \        0x0   0xB580             PUSH     {R7,LR}
      9              Dist_IRQHandler();
   \        0x2   0x.... 0x....      BL       Dist_IRQHandler
     10          }
   \        0x6   0xBD01             POP      {R0,PC}
     11          

   \                                 In section .text, align 2, keep-with-next
     12          void EXTI9_5_IRQHandler(void) {
   \                     EXTI9_5_IRQHandler: (+1)
   \        0x0   0xB580             PUSH     {R7,LR}
     13              PIR_IRQHandler();
   \        0x2   0x.... 0x....      BL       PIR_IRQHandler
     14          }
   \        0x6   0xBD01             POP      {R0,PC}
     15          

   \                                 In section .text, align 2, keep-with-next
     16          void USART2_IRQHandler(void) {
   \                     USART2_IRQHandler: (+1)
   \        0x0   0xB580             PUSH     {R7,LR}
     17              UART_IRQHandler();
   \        0x2   0x.... 0x....      BL       UART_IRQHandler
     18          }
   \        0x6   0xBD01             POP      {R0,PC}
     19          

   \                                 In section .text, align 2, keep-with-next
     20          void TIM3_IRQHandler(void) {
   \                     TIM3_IRQHandler: (+1)
   \        0x0   0xB580             PUSH     {R7,LR}
     21              Ultra_TIM3_IRQHandler();
   \        0x2   0x.... 0x....      BL       Ultra_TIM3_IRQHandler
     22          }
   \        0x6   0xBD01             POP      {R0,PC}

   Maximum stack usage in bytes:

   .cstack Function
   ------- --------
       8   ADC1_2_IRQHandler
         8   -> Dist_IRQHandler
       8   EXTI9_5_IRQHandler
         8   -> PIR_IRQHandler
       8   TIM3_IRQHandler
         8   -> Ultra_TIM3_IRQHandler
       8   USART2_IRQHandler
         8   -> UART_IRQHandler


   Section sizes:

   Bytes  Function/Label
   -----  --------------
       8  ADC1_2_IRQHandler
       8  EXTI9_5_IRQHandler
       8  TIM3_IRQHandler
       8  USART2_IRQHandler

 
 32 bytes in section .text
 
 32 bytes of CODE memory

Errors: none
Warnings: none
