###############################################################################
#
# IAR ANSI C/C++ Compiler V9.30.1.335/W64 for ARM         30/Nov/2022  19:49:45
# Copyright 1999-2022 IAR Systems AB.
#
#    Cpu mode          =  thumb
#    Endian            =  little
#    Source file       =
#        C:\code\Embedded_Lab\term_project\Libraries\MODULES\tim.c
#    Command line      =
#        -f
#        C:\code\Embedded_Lab\term_project\Debug\Obj\Libraries\MODULES\tim.o.rsp
#        (C:\code\Embedded_Lab\term_project\Libraries\MODULES\tim.c -D
#        USE_STDPERIPH_DRIVER -D STM32F10X_CL -lC
#        C:\code\Embedded_Lab\term_project\Debug\List\Libraries\MODULES -o
#        C:\code\Embedded_Lab\term_project\Debug\Obj\Libraries\MODULES --no_cse
#        --no_unroll --no_inline --no_code_motion --no_tbaa --no_clustering
#        --no_scheduling --debug --endian=little --cpu=Cortex-M3 -e --fpu=None
#        --dlib_config "C:\Program Files\IAR Systems\Embedded Workbench
#        9.1\arm\inc\c\DLib_Config_Normal.h" -I
#        C:\code\Embedded_Lab\term_project\libraries\CMSIS\DeviceSupport\ -I
#        C:\code\Embedded_Lab\term_project\libraries\CMSIS\DeviceSupport\Startup\
#        -I
#        C:\code\Embedded_Lab\term_project\libraries\STM32F10x_StdPeriph_Driver_v3.5\inc\
#        -I
#        C:\code\Embedded_Lab\term_project\libraries\STM32F10x_StdPeriph_Driver_v3.5\src\
#        -I C:\code\Embedded_Lab\term_project\libraries\LCD\ -I
#        C:\code\Embedded_Lab\term_project\libraries\MODULES\ -I
#        C:\code\Embedded_Lab\term_project\user\ -I
#        C:\code\Embedded_Lab\term_project\user\inc\ -Ol -I "C:\Program
#        Files\IAR Systems\Embedded Workbench 9.1\arm\CMSIS\Core\Include\\")
#        --dependencies=n
#        C:\code\Embedded_Lab\term_project\Debug\Obj\Libraries\MODULES\tim.o.d
#    Locale            =  C
#    List file         =
#        C:\code\Embedded_Lab\term_project\Debug\List\Libraries\MODULES\tim.lst
#    Object file       =
#        C:\code\Embedded_Lab\term_project\Debug\Obj\Libraries\MODULES\tim.o
#    Runtime model:       
#      __CPP_Runtime   =  1
#      __SystemLibrary =  DLib
#      __dlib_version  =  6
#      __size_limit    =  32768|ARM.EW.LINKER
#
###############################################################################

C:\code\Embedded_Lab\term_project\Libraries\MODULES\tim.c
      1          #include "stm32f10x.h"
      2          #include "stm32f10x_rcc.h"
      3          #include "stm32f10x_gpio.h"
      4          #include "stm32f10x_tim.h"
      5          

   \                                 In section .text, align 2, keep-with-next
      6          void TIM_TIM2_Channel1_Init(void){
      7          
      8          }
   \                     TIM_TIM2_Channel1_Init: (+1)
   \        0x0   0x4770             BX       LR

   \                                 In section .text, align 2, keep-with-next
      9          void TIM_TIM2_Channel2_Init(void){
     10          
     11          }
   \                     TIM_TIM2_Channel2_Init: (+1)
   \        0x0   0x4770             BX       LR

   \                                 In section .text, align 2, keep-with-next
     12          void TIM_TIM2_Channel3_Init(void){
     13          
     14          }
   \                     TIM_TIM2_Channel3_Init: (+1)
   \        0x0   0x4770             BX       LR

   Maximum stack usage in bytes:

   .cstack Function
   ------- --------
       0   TIM_TIM2_Channel1_Init
       0   TIM_TIM2_Channel2_Init
       0   TIM_TIM2_Channel3_Init


   Section sizes:

   Bytes  Function/Label
   -----  --------------
       2  TIM_TIM2_Channel1_Init
       2  TIM_TIM2_Channel2_Init
       2  TIM_TIM2_Channel3_Init

 
 6 bytes in section .text
 
 6 bytes of CODE memory

Errors: none
Warnings: none
