###############################################################################
#
# IAR ANSI C/C++ Compiler V9.30.1.335/W64 for ARM         21/Dec/2022  02:13:42
# Copyright 1999-2022 IAR Systems AB.
#
#    Cpu mode          =  thumb
#    Endian            =  little
#    Source file       =
#        C:\code\Embedded_Lab\term_project\Libraries\MODULES\uart.c
#    Command line      =
#        -f
#        C:\code\Embedded_Lab\term_project\Debug\Obj\Libraries\MODULES\uart.o.rsp
#        (C:\code\Embedded_Lab\term_project\Libraries\MODULES\uart.c -D
#        USE_STDPERIPH_DRIVER -D STM32F10X_CL -lC
#        C:\code\Embedded_Lab\term_project\Debug\List\Libraries\MODULES -o
#        C:\code\Embedded_Lab\term_project\Debug\Obj\Libraries\MODULES --no_cse
#        --no_unroll --no_inline --no_code_motion --no_tbaa --no_clustering
#        --no_scheduling --debug --endian=little --cpu=Cortex-M3 -e --fpu=None
#        --dlib_config "C:\Program Files\IAR Systems\Embedded Workbench
#        9.1\arm\inc\c\DLib_Config_Normal.h" -I
#        C:\code\Embedded_Lab\term_project\libraries\CMSIS\DeviceSupport\ -I
#        C:\code\Embedded_Lab\term_project\libraries\CMSIS\DeviceSupport\Startup\
#        -I
#        C:\code\Embedded_Lab\term_project\libraries\STM32F10x_StdPeriph_Driver_v3.5\inc\
#        -I
#        C:\code\Embedded_Lab\term_project\libraries\STM32F10x_StdPeriph_Driver_v3.5\src\
#        -I C:\code\Embedded_Lab\term_project\libraries\LCD\ -I
#        C:\code\Embedded_Lab\term_project\libraries\MODULES\ -I
#        C:\code\Embedded_Lab\term_project\user\ -I
#        C:\code\Embedded_Lab\term_project\user\inc\ -Ol -I "C:\Program
#        Files\IAR Systems\Embedded Workbench 9.1\arm\CMSIS\Core\Include\\")
#        --dependencies=n
#        C:\code\Embedded_Lab\term_project\Debug\Obj\Libraries\MODULES\uart.o.d
#    Locale            =  C
#    List file         =
#        C:\code\Embedded_Lab\term_project\Debug\List\Libraries\MODULES\uart.lst
#    Object file       =
#        C:\code\Embedded_Lab\term_project\Debug\Obj\Libraries\MODULES\uart.o
#    Runtime model:       
#      __CPP_Runtime   =  1
#      __SystemLibrary =  DLib
#      __dlib_version  =  6
#      __size_limit    =  32768|ARM.EW.LINKER
#
###############################################################################

C:\code\Embedded_Lab\term_project\Libraries\MODULES\uart.c
      1          #include "misc.h"

   \                                 In section .text, align 4, keep-with-next
   \   static __softfp void __NVIC_EnableIRQ(IRQn_Type)
   \                     __NVIC_EnableIRQ: (+1)
   \        0x0   0x0001             MOVS     R1,R0
   \        0x2   0xB249             SXTB     R1,R1
   \        0x4   0x2900             CMP      R1,#+0
   \        0x6   0xD408             BMI.N    ??__NVIC_EnableIRQ_0
   \        0x8   0x2201             MOVS     R2,#+1
   \        0xA   0xF010 0x011F      ANDS     R1,R0,#0x1F
   \        0xE   0x408A             LSLS     R2,R2,R1
   \       0x10   0x....             LDR.N    R1,??DataTable5
   \       0x12   0xB240             SXTB     R0,R0
   \       0x14   0x0940             LSRS     R0,R0,#+5
   \       0x16   0xF841 0x2020      STR      R2,[R1, R0, LSL #+2]
   \                     ??__NVIC_EnableIRQ_0: (+1)
   \       0x1A   0x4770             BX       LR
      2          #include "stm32f10x.h"
      3          #include "stm32f10x_rcc.h"
      4          #include "stm32f10x_gpio.h"
      5          #include "stm32f10x_usart.h"
      6          #include "uart.h"
      7          

   \                                 In section .bss, align 4
      8          UARTState ustate;
   \                     ustate:
   \        0x0                      DS8 4
      9          

   \                                 In section .text, align 2, keep-with-next
     10          void UART_RCC_Init(void){
   \                     UART_RCC_Init: (+1)
   \        0x0   0xB580             PUSH     {R7,LR}
     11              /* UART TX/RX port clock enable */
     12              RCC_APB2PeriphClockCmd(RCC_APB2Periph_GPIOA, ENABLE);
   \        0x2   0x2101             MOVS     R1,#+1
   \        0x4   0x2004             MOVS     R0,#+4
   \        0x6   0x.... 0x....      BL       RCC_APB2PeriphClockCmd
     13              /* USART2 clock enable */
     14              RCC_APB1PeriphClockCmd(RCC_APB1Periph_USART2, ENABLE);
   \        0xA   0x2101             MOVS     R1,#+1
   \        0xC   0xF45F 0x3000      MOVS     R0,#+131072
   \       0x10   0x.... 0x....      BL       RCC_APB1PeriphClockCmd
     15              /* Alternate Function IO clock enable */
     16              RCC_APB2PeriphClockCmd(RCC_APB2Periph_AFIO, ENABLE);
   \       0x14   0x2101             MOVS     R1,#+1
   \       0x16   0x2001             MOVS     R0,#+1
   \       0x18   0x.... 0x....      BL       RCC_APB2PeriphClockCmd
     17          }
   \       0x1C   0xBD01             POP      {R0,PC}
     18          

   \                                 In section .text, align 2, keep-with-next
     19          void UART_GPIO_Init(void) {
   \                     UART_GPIO_Init: (+1)
   \        0x0   0xB51C             PUSH     {R2-R4,LR}
     20              GPIO_InitTypeDef GPIO_InitStructure;
     21          
     22              /* UART1 pin setting */
     23              // TX
     24              GPIO_InitStructure.GPIO_Pin = GPIO_Pin_2;
   \        0x2   0x2004             MOVS     R0,#+4
   \        0x4   0xF8AD 0x0000      STRH     R0,[SP, #+0]
     25              GPIO_InitStructure.GPIO_Speed = GPIO_Speed_50MHz;
   \        0x8   0x2003             MOVS     R0,#+3
   \        0xA   0xF88D 0x0002      STRB     R0,[SP, #+2]
     26              GPIO_InitStructure.GPIO_Mode = GPIO_Mode_AF_PP;
   \        0xE   0x2018             MOVS     R0,#+24
   \       0x10   0xF88D 0x0003      STRB     R0,[SP, #+3]
     27              GPIO_Init(GPIOA, &GPIO_InitStructure);
   \       0x14   0x....             LDR.N    R4,??DataTable5_1
   \       0x16   0x4669             MOV      R1,SP
   \       0x18   0x0020             MOVS     R0,R4
   \       0x1A   0x.... 0x....      BL       GPIO_Init
     28              // RX
     29              GPIO_InitStructure.GPIO_Pin = GPIO_Pin_3;
   \       0x1E   0x2008             MOVS     R0,#+8
   \       0x20   0xF8AD 0x0000      STRH     R0,[SP, #+0]
     30              GPIO_InitStructure.GPIO_Speed = GPIO_Speed_50MHz;
   \       0x24   0x2003             MOVS     R0,#+3
   \       0x26   0xF88D 0x0002      STRB     R0,[SP, #+2]
     31              GPIO_InitStructure.GPIO_Mode = GPIO_Mode_IPU;
   \       0x2A   0x2048             MOVS     R0,#+72
   \       0x2C   0xF88D 0x0003      STRB     R0,[SP, #+3]
     32              GPIO_Init(GPIOA, &GPIO_InitStructure);
   \       0x30   0x4669             MOV      R1,SP
   \       0x32   0x0020             MOVS     R0,R4
   \       0x34   0x.... 0x....      BL       GPIO_Init
     33          }
   \       0x38   0xBD13             POP      {R0,R1,R4,PC}
     34          

   \                                 In section .text, align 2, keep-with-next
     35          void UART_USART2_Init(void) {
   \                     UART_USART2_Init: (+1)
   \        0x0   0xB51F             PUSH     {R0-R4,LR}
     36              USART_InitTypeDef USART2_InitStructure;
     37          
     38              USART_Cmd(USART2, ENABLE);
   \        0x2   0x....             LDR.N    R4,??DataTable5_2
   \        0x4   0x2101             MOVS     R1,#+1
   \        0x6   0x0020             MOVS     R0,R4
   \        0x8   0x.... 0x....      BL       USART_Cmd
     39              USART2_InitStructure.USART_BaudRate = 9600;
   \        0xC   0xF44F 0x5016      MOV      R0,#+9600
   \       0x10   0x9000             STR      R0,[SP, #+0]
     40              USART2_InitStructure.USART_WordLength = USART_WordLength_8b;
   \       0x12   0x2000             MOVS     R0,#+0
   \       0x14   0xF8AD 0x0004      STRH     R0,[SP, #+4]
     41              USART2_InitStructure.USART_StopBits = USART_StopBits_1;
   \       0x18   0x2000             MOVS     R0,#+0
   \       0x1A   0xF8AD 0x0006      STRH     R0,[SP, #+6]
     42              USART2_InitStructure.USART_Parity = USART_Parity_No;
   \       0x1E   0x2000             MOVS     R0,#+0
   \       0x20   0xF8AD 0x0008      STRH     R0,[SP, #+8]
     43              USART2_InitStructure.USART_Mode = USART_Mode_Rx | USART_Mode_Tx;
   \       0x24   0x200C             MOVS     R0,#+12
   \       0x26   0xF8AD 0x000A      STRH     R0,[SP, #+10]
     44              USART2_InitStructure.USART_HardwareFlowControl = USART_HardwareFlowControl_None;
   \       0x2A   0x2000             MOVS     R0,#+0
   \       0x2C   0xF8AD 0x000C      STRH     R0,[SP, #+12]
     45              USART_Init(USART2, &USART2_InitStructure);
   \       0x30   0x4669             MOV      R1,SP
   \       0x32   0x0020             MOVS     R0,R4
   \       0x34   0x.... 0x....      BL       USART_Init
     46              USART_ITConfig(USART2, USART_IT_RXNE, ENABLE);
   \       0x38   0x2201             MOVS     R2,#+1
   \       0x3A   0xF240 0x5125      MOVW     R1,#+1317
   \       0x3E   0x0020             MOVS     R0,R4
   \       0x40   0x.... 0x....      BL       USART_ITConfig
     47          }
   \       0x44   0xBD1F             POP      {R0-R4,PC}
     48          

   \                                 In section .text, align 2, keep-with-next
     49          void UART_NVIC_Init(void){
   \                     UART_NVIC_Init: (+1)
   \        0x0   0xB580             PUSH     {R7,LR}
     50              NVIC_InitTypeDef NVIC_InitStructure;
     51              // 'NVIC_EnableIRQ' is only required for USART setting
     52              NVIC_EnableIRQ(USART2_IRQn);
   \        0x2   0x2026             MOVS     R0,#+38
   \        0x4   0x.... 0x....      BL       __NVIC_EnableIRQ
     53              NVIC_InitStructure.NVIC_IRQChannel = USART2_IRQn;
   \        0x8   0x2026             MOVS     R0,#+38
   \        0xA   0xF88D 0x0000      STRB     R0,[SP, #+0]
     54              NVIC_InitStructure.NVIC_IRQChannelPreemptionPriority = 0;  // TODO
   \        0xE   0x2000             MOVS     R0,#+0
   \       0x10   0xF88D 0x0001      STRB     R0,[SP, #+1]
     55              NVIC_InitStructure.NVIC_IRQChannelSubPriority = 1;         // TODO
   \       0x14   0x2001             MOVS     R0,#+1
   \       0x16   0xF88D 0x0002      STRB     R0,[SP, #+2]
     56              NVIC_InitStructure.NVIC_IRQChannelCmd = ENABLE;
   \       0x1A   0x2001             MOVS     R0,#+1
   \       0x1C   0xF88D 0x0003      STRB     R0,[SP, #+3]
     57              NVIC_Init(&NVIC_InitStructure);
   \       0x20   0x4668             MOV      R0,SP
   \       0x22   0x.... 0x....      BL       NVIC_Init
     58          }
   \       0x26   0xBD01             POP      {R0,PC}
     59          

   \                                 In section .text, align 2, keep-with-next
     60          void UART_UpdateState(uint16_t data){
     61              ustate.strength = KEEP;
   \                     UART_UpdateState: (+1)
   \        0x0   0x....             LDR.N    R1,??DataTable5_3
   \        0x2   0x2200             MOVS     R2,#+0
   \        0x4   0x70CA             STRB     R2,[R1, #+3]
     62                   if(data == '0') ustate.power = OFF;
   \        0x6   0x0002             MOVS     R2,R0
   \        0x8   0xB292             UXTH     R2,R2
   \        0xA   0x2A30             CMP      R2,#+48
   \        0xC   0xD102             BNE.N    ??UART_UpdateState_0
   \        0xE   0x2000             MOVS     R0,#+0
   \       0x10   0x7008             STRB     R0,[R1, #+0]
     63              else if(data == '1') ustate.power = ON;
     64              else if(data == 'a') ustate.mode = AUTO;
     65              else if(data == 'm') ustate.mode = MAN;
     66              else if(data == 'l') ustate.position = LEFT;
     67              else if(data == 'i') ustate.position = MID;
     68              else if(data == 'r') ustate.position = RIGHT;
     69              else if(data == 's') ustate.strength = STRONG;
     70              else if(data == 'w') ustate.strength = WEAK;
     71              else return;
     72          }
   \                     ??UART_UpdateState_1: (+1)
   \                     ??UART_UpdateState_2: (+1)
   \       0x12   0x4770             BX       LR
   \                     ??UART_UpdateState_0: (+1)
   \       0x14   0x0002             MOVS     R2,R0
   \       0x16   0xB292             UXTH     R2,R2
   \       0x18   0x2A31             CMP      R2,#+49
   \       0x1A   0xD102             BNE.N    ??UART_UpdateState_3
   \       0x1C   0x2001             MOVS     R0,#+1
   \       0x1E   0x7008             STRB     R0,[R1, #+0]
   \       0x20   0xE7F7             B.N      ??UART_UpdateState_1
   \                     ??UART_UpdateState_3: (+1)
   \       0x22   0x0002             MOVS     R2,R0
   \       0x24   0xB292             UXTH     R2,R2
   \       0x26   0x2A61             CMP      R2,#+97
   \       0x28   0xD102             BNE.N    ??UART_UpdateState_4
   \       0x2A   0x2001             MOVS     R0,#+1
   \       0x2C   0x7048             STRB     R0,[R1, #+1]
   \       0x2E   0xE7F0             B.N      ??UART_UpdateState_1
   \                     ??UART_UpdateState_4: (+1)
   \       0x30   0x0002             MOVS     R2,R0
   \       0x32   0xB292             UXTH     R2,R2
   \       0x34   0x2A6D             CMP      R2,#+109
   \       0x36   0xD102             BNE.N    ??UART_UpdateState_5
   \       0x38   0x2000             MOVS     R0,#+0
   \       0x3A   0x7048             STRB     R0,[R1, #+1]
   \       0x3C   0xE7E9             B.N      ??UART_UpdateState_1
   \                     ??UART_UpdateState_5: (+1)
   \       0x3E   0x0002             MOVS     R2,R0
   \       0x40   0xB292             UXTH     R2,R2
   \       0x42   0x2A6C             CMP      R2,#+108
   \       0x44   0xD102             BNE.N    ??UART_UpdateState_6
   \       0x46   0x201E             MOVS     R0,#+30
   \       0x48   0x7088             STRB     R0,[R1, #+2]
   \       0x4A   0xE7E2             B.N      ??UART_UpdateState_1
   \                     ??UART_UpdateState_6: (+1)
   \       0x4C   0x0002             MOVS     R2,R0
   \       0x4E   0xB292             UXTH     R2,R2
   \       0x50   0x2A69             CMP      R2,#+105
   \       0x52   0xD102             BNE.N    ??UART_UpdateState_7
   \       0x54   0x205A             MOVS     R0,#+90
   \       0x56   0x7088             STRB     R0,[R1, #+2]
   \       0x58   0xE7DB             B.N      ??UART_UpdateState_1
   \                     ??UART_UpdateState_7: (+1)
   \       0x5A   0x0002             MOVS     R2,R0
   \       0x5C   0xB292             UXTH     R2,R2
   \       0x5E   0x2A72             CMP      R2,#+114
   \       0x60   0xD102             BNE.N    ??UART_UpdateState_8
   \       0x62   0x2096             MOVS     R0,#+150
   \       0x64   0x7088             STRB     R0,[R1, #+2]
   \       0x66   0xE7D4             B.N      ??UART_UpdateState_1
   \                     ??UART_UpdateState_8: (+1)
   \       0x68   0x0002             MOVS     R2,R0
   \       0x6A   0xB292             UXTH     R2,R2
   \       0x6C   0x2A73             CMP      R2,#+115
   \       0x6E   0xD102             BNE.N    ??UART_UpdateState_9
   \       0x70   0x2001             MOVS     R0,#+1
   \       0x72   0x70C8             STRB     R0,[R1, #+3]
   \       0x74   0xE7CD             B.N      ??UART_UpdateState_1
   \                     ??UART_UpdateState_9: (+1)
   \       0x76   0xB280             UXTH     R0,R0
   \       0x78   0x2877             CMP      R0,#+119
   \       0x7A   0xD102             BNE.N    ??UART_UpdateState_10
   \       0x7C   0x2002             MOVS     R0,#+2
   \       0x7E   0x70C8             STRB     R0,[R1, #+3]
   \       0x80   0xE7C7             B.N      ??UART_UpdateState_1
   \                     ??UART_UpdateState_10: (+1)
   \       0x82   0xE7C6             B.N      ??UART_UpdateState_2
     73          

   \                                 In section .text, align 2, keep-with-next
     74          void UART_IRQHandler(void) {
   \                     UART_IRQHandler: (+1)
   \        0x0   0xB538             PUSH     {R3-R5,LR}
     75              uint16_t data;
     76              if (USART_GetITStatus(USART2, USART_IT_RXNE) != RESET) {
   \        0x2   0x....             LDR.N    R4,??DataTable5_2
   \        0x4   0xF240 0x5525      MOVW     R5,#+1317
   \        0x8   0x0029             MOVS     R1,R5
   \        0xA   0x0020             MOVS     R0,R4
   \        0xC   0x.... 0x....      BL       USART_GetITStatus
   \       0x10   0x2800             CMP      R0,#+0
   \       0x12   0xD009             BEQ.N    ??UART_IRQHandler_0
     77                  // the most recent received data by the USART1 peripheral
     78                  data = USART_ReceiveData(USART2);
   \       0x14   0x0020             MOVS     R0,R4
   \       0x16   0x.... 0x....      BL       USART_ReceiveData
     79                  UART_UpdateState(data);
   \       0x1A   0xB280             UXTH     R0,R0
   \       0x1C   0x.... 0x....      BL       UART_UpdateState
     80                  // clear 'Read data register not empty' flag
     81                  USART_ClearITPendingBit(USART2, USART_IT_RXNE);
   \       0x20   0x0029             MOVS     R1,R5
   \       0x22   0x0020             MOVS     R0,R4
   \       0x24   0x.... 0x....      BL       USART_ClearITPendingBit
     82              }
     83          }
   \                     ??UART_IRQHandler_0: (+1)
   \       0x28   0xBD31             POP      {R0,R4,R5,PC}
     84          

   \                                 In section .text, align 2, keep-with-next
     85          void UART_Init(void){
   \                     UART_Init: (+1)
   \        0x0   0xB580             PUSH     {R7,LR}
     86              UART_RCC_Init();
   \        0x2   0x.... 0x....      BL       UART_RCC_Init
     87              UART_GPIO_Init();
   \        0x6   0x.... 0x....      BL       UART_GPIO_Init
     88              UART_USART2_Init();
   \        0xA   0x.... 0x....      BL       UART_USART2_Init
     89              UART_NVIC_Init();
   \        0xE   0x.... 0x....      BL       UART_NVIC_Init
     90          }
   \       0x12   0xBD01             POP      {R0,PC}
     91          

   \                                 In section .text, align 2, keep-with-next
     92          UARTState UART_GetState(void){
     93              return ustate;
   \                     UART_GetState: (+1)
   \        0x0   0x....             LDR.N    R0,??DataTable5_3
   \        0x2   0x6800             LDR      R0,[R0, #+0]
   \        0x4   0x4770             BX       LR
     94          }

   \                                 In section .text, align 4, keep-with-next
   \                     ??DataTable5:
   \        0x0   0xE000'E100        DC32     0xe000e100

   \                                 In section .text, align 4, keep-with-next
   \                     ??DataTable5_1:
   \        0x0   0x4001'0800        DC32     0x40010800

   \                                 In section .text, align 4, keep-with-next
   \                     ??DataTable5_2:
   \        0x0   0x4000'4400        DC32     0x40004400

   \                                 In section .text, align 4, keep-with-next
   \                     ??DataTable5_3:
   \        0x0   0x....'....        DC32     ustate
     95          

   Maximum stack usage in bytes:

   .cstack Function
   ------- --------
      16   UART_GPIO_Init
        16   -> GPIO_Init
       0   UART_GetState
      16   UART_IRQHandler
        16   -> UART_UpdateState
        16   -> USART_ClearITPendingBit
        16   -> USART_GetITStatus
        16   -> USART_ReceiveData
       8   UART_Init
         8   -> UART_GPIO_Init
         8   -> UART_NVIC_Init
         8   -> UART_RCC_Init
         8   -> UART_USART2_Init
       8   UART_NVIC_Init
         8   -> NVIC_Init
         8   -> __NVIC_EnableIRQ
       8   UART_RCC_Init
         8   -> RCC_APB1PeriphClockCmd
         8   -> RCC_APB2PeriphClockCmd
      24   UART_USART2_Init
        24   -> USART_Cmd
        24   -> USART_ITConfig
        24   -> USART_Init
       0   UART_UpdateState
       0   __NVIC_EnableIRQ


   Section sizes:

   Bytes  Function/Label
   -----  --------------
       4  ??DataTable5
       4  ??DataTable5_1
       4  ??DataTable5_2
       4  ??DataTable5_3
      58  UART_GPIO_Init
       6  UART_GetState
      42  UART_IRQHandler
      20  UART_Init
      40  UART_NVIC_Init
      30  UART_RCC_Init
      70  UART_USART2_Init
     132  UART_UpdateState
      28  __NVIC_EnableIRQ
       4  ustate

 
   4 bytes in section .bss
 442 bytes in section .text
 
 442 bytes of CODE memory
   4 bytes of DATA memory

Errors: none
Warnings: none
