###############################################################################
#
# IAR ANSI C/C++ Compiler V9.30.1.335/W64 for ARM         09/Nov/2022  20:25:01
# Copyright 1999-2022 IAR Systems AB.
#
#    Cpu mode                     =  thumb
#    Endian                       =  little
#    Source file                  =  C:\week11\user\main.c
#    Command line                 =
#        -f C:\week11\Debug\Obj\user\main.o.rsp (C:\week11\user\main.c -D
#        USE_STDPERIPH_DRIVER -D STM32F10X_CL -lC C:\week11\Debug\List\user -o
#        C:\week11\Debug\Obj\user --no_cse --no_unroll --no_inline
#        --no_code_motion --no_tbaa --no_clustering --no_scheduling --debug
#        --endian=little --cpu=Cortex-M3 -e --fpu=None --dlib_config
#        "C:\Program Files\IAR Systems\Embedded Workbench
#        9.1\arm\inc\c\DLib_Config_Normal.h" -I
#        C:\week11\libraries\CMSIS\DeviceSupport\ -I
#        C:\week11\libraries\CMSIS\DeviceSupport\Startup\ -I
#        C:\week11\libraries\STM32F10x_StdPeriph_Driver_v3.5\inc\ -I
#        C:\week11\libraries\STM32F10x_StdPeriph_Driver_v3.5\src\ -I
#        C:\week11\libraries\LCD\ -I C:\week11\user\ -I C:\week11\user\inc\ -Ol
#        -I "C:\Program Files\IAR Systems\Embedded Workbench
#        9.1\arm\CMSIS\Core\Include\\") --dependencies=n
#        C:\week11\Debug\Obj\user\main.o.d
#    Locale                       =  C
#    List file                    =  C:\week11\Debug\List\user\main.lst
#    Object file                  =  C:\week11\Debug\Obj\user\main.o
#    Runtime model:                  
#      __CPP_Runtime              =  1
#      __SystemLibrary            =  DLib
#      __dlib_file_descriptor     =  0
#      __dlib_full_locale_support =  0
#      __dlib_version             =  6
#      __size_limit               =  32768|ARM.EW.LINKER
#
###############################################################################

C:\week11\user\main.c
      1          #include <stdio.h>
      2          #include <stdlib.h>
      3          
      4          #include "stm32f10x.h"
      5          #include "stm32f10x_adc.h"
      6          #include "stm32f10x_gpio.h"
      7          #include "stm32f10x_rcc.h"
      8          #include "stm32f10x_tim.h"
      9          #include "stm32f10x_dma.h"
     10          #include "misc.h"
     11          
     12          #include "lcd.h"
     13          #include "touch.h"
     14          
     15          enum {OFF=0,ON=!OFF};

   \                                 In section .bss, align 4
     16          volatile uint32_t ADC_Value[1];
   \                     ADC_Value:
   \        0x0                      DS8 4
     17          
     18          /* function prototype */
     19          void Delay(void);
     20          void RCC_Configure(void);
     21          void GPIO_Configure(void);
     22          void ADC_Configure(void);
     23          void DMA_Configure(void);
     24          void TIM_Configure(void);
     25          void EXTI_Configure(void);
     26          void NVIC_Configure(void);
     27          void Init_Configure(void);
     28          
     29          /**
     30           * @brief Enable or Disable Clocks
     31           */

   \                                 In section .text, align 2, keep-with-next
     32          void RCC_Configure(void) {
   \                     RCC_Configure: (+1)
   \        0x0   0xB580             PUSH     {R7,LR}
     33              RCC_APB2PeriphClockCmd(RCC_APB2Periph_GPIOA, ENABLE); 
   \        0x2   0x2101             MOVS     R1,#+1
   \        0x4   0x2004             MOVS     R0,#+4
   \        0x6   0x.... 0x....      BL       RCC_APB2PeriphClockCmd
     34              RCC_APB2PeriphClockCmd(RCC_APB2Periph_GPIOB, ENABLE); 
   \        0xA   0x2101             MOVS     R1,#+1
   \        0xC   0x2008             MOVS     R0,#+8
   \        0xE   0x.... 0x....      BL       RCC_APB2PeriphClockCmd
     35              RCC_APB2PeriphClockCmd(RCC_APB2Periph_ADC1,ENABLE);
   \       0x12   0x2101             MOVS     R1,#+1
   \       0x14   0xF44F 0x7000      MOV      R0,#+512
   \       0x18   0x.... 0x....      BL       RCC_APB2PeriphClockCmd
     36              RCC_AHBPeriphClockCmd(RCC_AHBPeriph_DMA1, ENABLE);
   \       0x1C   0x2101             MOVS     R1,#+1
   \       0x1E   0x2001             MOVS     R0,#+1
   \       0x20   0x.... 0x....      BL       RCC_AHBPeriphClockCmd
     37          }
   \       0x24   0xBD01             POP      {R0,PC}
     38          /**
     39           * @brief Enable GPIO Pins using GPIO_InitStructure
     40           */

   \                                 In section .text, align 2, keep-with-next
     41          void GPIO_Configure(void) {
   \                     GPIO_Configure: (+1)
   \        0x0   0xB580             PUSH     {R7,LR}
     42              GPIO_InitTypeDef GPIO_InitStructure;
     43          
     44              /* Brightness sensor Enable */
     45              GPIO_InitStructure.GPIO_Pin = GPIO_Pin_0;
   \        0x2   0x2001             MOVS     R0,#+1
   \        0x4   0xF8AD 0x0000      STRH     R0,[SP, #+0]
     46              GPIO_InitStructure.GPIO_Mode = GPIO_Mode_AIN;
   \        0x8   0x2000             MOVS     R0,#+0
   \        0xA   0xF88D 0x0003      STRB     R0,[SP, #+3]
     47              GPIO_Init(GPIOB, &GPIO_InitStructure);
   \        0xE   0x4669             MOV      R1,SP
   \       0x10   0x....             LDR.N    R0,??DataTable5
   \       0x12   0x.... 0x....      BL       GPIO_Init
     48          }
   \       0x16   0xBD01             POP      {R0,PC}
     49          

   \                                 In section .text, align 2, keep-with-next
     50          void ADC_Configure(void) {
   \                     ADC_Configure: (+1)
   \        0x0   0xB518             PUSH     {R3,R4,LR}
   \        0x2   0xB085             SUB      SP,SP,#+20
     51              ADC_InitTypeDef ADC_InitStructure;
     52          
     53              // ADC1 Configuration
     54              ADC_InitStructure.ADC_Mode = ADC_Mode_Independent;
   \        0x4   0x2000             MOVS     R0,#+0
   \        0x6   0x9000             STR      R0,[SP, #+0]
     55              ADC_InitStructure.ADC_ScanConvMode = DISABLE;
   \        0x8   0x2000             MOVS     R0,#+0
   \        0xA   0xF88D 0x0004      STRB     R0,[SP, #+4]
     56              ADC_InitStructure.ADC_ContinuousConvMode = ENABLE;
   \        0xE   0x2001             MOVS     R0,#+1
   \       0x10   0xF88D 0x0005      STRB     R0,[SP, #+5]
     57              ADC_InitStructure.ADC_ExternalTrigConv = ADC_ExternalTrigConv_None;
   \       0x14   0xF45F 0x2060      MOVS     R0,#+917504
   \       0x18   0x9002             STR      R0,[SP, #+8]
     58              ADC_InitStructure.ADC_DataAlign = ADC_DataAlign_Right;
   \       0x1A   0x2000             MOVS     R0,#+0
   \       0x1C   0x9003             STR      R0,[SP, #+12]
     59              ADC_InitStructure.ADC_NbrOfChannel = 1;
   \       0x1E   0x2001             MOVS     R0,#+1
   \       0x20   0xF88D 0x0010      STRB     R0,[SP, #+16]
     60              ADC_Init(ADC1, &ADC_InitStructure);
   \       0x24   0x....             LDR.N    R4,??DataTable5_1
   \       0x26   0x4669             MOV      R1,SP
   \       0x28   0x0020             MOVS     R0,R4
   \       0x2A   0x.... 0x....      BL       ADC_Init
     61          
     62              ADC_RegularChannelConfig(ADC1, ADC_Channel_8, 1, ADC_SampleTime_239Cycles5); // ADC1 Channel 8 is GPIOB_Pin0
   \       0x2E   0x2307             MOVS     R3,#+7
   \       0x30   0x2201             MOVS     R2,#+1
   \       0x32   0x2108             MOVS     R1,#+8
   \       0x34   0x0020             MOVS     R0,R4
   \       0x36   0x.... 0x....      BL       ADC_RegularChannelConfig
     63              //ADC_ITConfig(ADC1, ADC_IT_EOC, ENABLE);  // interrupt enable
     64              ADC_DMACmd(ADC1, ENABLE);                   // DMA Enable
   \       0x3A   0x2101             MOVS     R1,#+1
   \       0x3C   0x0020             MOVS     R0,R4
   \       0x3E   0x.... 0x....      BL       ADC_DMACmd
     65              ADC_Cmd(ADC1, ENABLE);                   // ADC1 enable
   \       0x42   0x2101             MOVS     R1,#+1
   \       0x44   0x0020             MOVS     R0,R4
   \       0x46   0x.... 0x....      BL       ADC_Cmd
     66          
     67              ADC_ResetCalibration(ADC1);
   \       0x4A   0x0020             MOVS     R0,R4
   \       0x4C   0x.... 0x....      BL       ADC_ResetCalibration
     68              while (ADC_GetResetCalibrationStatus(ADC1)) ;
   \                     ??ADC_Configure_0: (+1)
   \       0x50   0x0020             MOVS     R0,R4
   \       0x52   0x.... 0x....      BL       ADC_GetResetCalibrationStatus
   \       0x56   0x2800             CMP      R0,#+0
   \       0x58   0xD1FA             BNE.N    ??ADC_Configure_0
     69              ADC_StartCalibration(ADC1);
   \       0x5A   0x0020             MOVS     R0,R4
   \       0x5C   0x.... 0x....      BL       ADC_StartCalibration
     70              while (ADC_GetCalibrationStatus(ADC1)) ;
   \                     ??ADC_Configure_1: (+1)
   \       0x60   0x0020             MOVS     R0,R4
   \       0x62   0x.... 0x....      BL       ADC_GetCalibrationStatus
   \       0x66   0x2800             CMP      R0,#+0
   \       0x68   0xD1FA             BNE.N    ??ADC_Configure_1
     71              
     72              ADC_SoftwareStartConvCmd(ADC1, ENABLE);
   \       0x6A   0x2101             MOVS     R1,#+1
   \       0x6C   0x0020             MOVS     R0,R4
   \       0x6E   0x.... 0x....      BL       ADC_SoftwareStartConvCmd
     73          }
   \       0x72   0xB006             ADD      SP,SP,#+24
   \       0x74   0xBD10             POP      {R4,PC}
     74          

   \                                 In section .text, align 2, keep-with-next
     75          void DMA_Configure(void) {
   \                     DMA_Configure: (+1)
   \        0x0   0xB518             PUSH     {R3,R4,LR}
   \        0x2   0xB08B             SUB      SP,SP,#+44
     76              DMA_InitTypeDef DMA_InitStructure;
     77              DMA_InitStructure.DMA_PeripheralBaseAddr =  (uint32_t)&ADC1->DR;
   \        0x4   0x....             LDR.N    R0,??DataTable5_2
   \        0x6   0x9000             STR      R0,[SP, #+0]
     78              DMA_InitStructure.DMA_MemoryBaseAddr = (uint32_t)&ADC_Value[0];
   \        0x8   0x....             LDR.N    R0,??DataTable5_3
   \        0xA   0x9001             STR      R0,[SP, #+4]
     79              DMA_InitStructure.DMA_DIR = DMA_DIR_PeripheralSRC;
   \        0xC   0x2000             MOVS     R0,#+0
   \        0xE   0x9002             STR      R0,[SP, #+8]
     80              DMA_InitStructure.DMA_Mode = DMA_Mode_Circular;
   \       0x10   0x2020             MOVS     R0,#+32
   \       0x12   0x9008             STR      R0,[SP, #+32]
     81              DMA_InitStructure.DMA_BufferSize = 1;
   \       0x14   0x2001             MOVS     R0,#+1
   \       0x16   0x9003             STR      R0,[SP, #+12]
     82              DMA_InitStructure.DMA_MemoryDataSize = DMA_PeripheralDataSize_Word;
   \       0x18   0xF44F 0x7000      MOV      R0,#+512
   \       0x1C   0x9007             STR      R0,[SP, #+28]
     83              DMA_InitStructure.DMA_PeripheralDataSize = DMA_PeripheralDataSize_Word;
   \       0x1E   0x9006             STR      R0,[SP, #+24]
     84              DMA_InitStructure.DMA_PeripheralInc = DMA_PeripheralInc_Disable;
   \       0x20   0x2000             MOVS     R0,#+0
   \       0x22   0x9004             STR      R0,[SP, #+16]
     85              DMA_InitStructure.DMA_MemoryInc = DMA_MemoryInc_Disable;
   \       0x24   0x2000             MOVS     R0,#+0
   \       0x26   0x9005             STR      R0,[SP, #+20]
     86              DMA_InitStructure.DMA_Priority = DMA_Priority_High;
   \       0x28   0xF44F 0x5000      MOV      R0,#+8192
   \       0x2C   0x9009             STR      R0,[SP, #+36]
     87              DMA_InitStructure.DMA_M2M = DMA_M2M_Disable;
   \       0x2E   0x2000             MOVS     R0,#+0
   \       0x30   0x900A             STR      R0,[SP, #+40]
     88              DMA_Init(DMA1_Channel1, &DMA_InitStructure);
   \       0x32   0x....             LDR.N    R4,??DataTable5_4
   \       0x34   0x4669             MOV      R1,SP
   \       0x36   0x0020             MOVS     R0,R4
   \       0x38   0x.... 0x....      BL       DMA_Init
     89              DMA_Cmd(DMA1_Channel1, ENABLE);
   \       0x3C   0x2101             MOVS     R1,#+1
   \       0x3E   0x0020             MOVS     R0,R4
   \       0x40   0x.... 0x....      BL       DMA_Cmd
     90          }
   \       0x44   0xB00C             ADD      SP,SP,#+48
   \       0x46   0xBD10             POP      {R4,PC}
     91          
     92          
     93          

   \                                 In section .text, align 2, keep-with-next
     94          void Init_Configure(void){
   \                     Init_Configure: (+1)
   \        0x0   0xB580             PUSH     {R7,LR}
     95              SystemInit();
   \        0x2   0x.... 0x....      BL       SystemInit
     96              RCC_Configure();
   \        0x6   0x.... 0x....      BL       RCC_Configure
     97              GPIO_Configure();
   \        0xA   0x.... 0x....      BL       GPIO_Configure
     98              ADC_Configure();
   \        0xE   0x.... 0x....      BL       ADC_Configure
     99              //TIM_Configure();
    100              // EXTI_Configure();
    101              //NVIC_Configure();
    102              DMA_Configure();
   \       0x12   0x.... 0x....      BL       DMA_Configure
    103              LCD_Init();
   \       0x16   0x.... 0x....      BL       LCD_Init
    104              //Touch_Configuration();
    105          }
   \       0x1A   0xBD01             POP      {R0,PC}
    106          

   \                                 In section .data, align 4
    107          int color[12] =  // Color Array
   \                     color:
   \        0x0   0x0000'FFFF        DC32 65'535, 32'767, 31, 63'488, 63'519, 50'712, 2'016, 65'504, 48'192

   \              0x0000'7FFF  

   \              0x0000'001F  

   \              0x0000'F800  

   \              0x0000'F81F  

   \              0x0000'C618  

   \              0x0000'07E0  

   \              0x0000'FFE0  

   \              0x0000'BC40
   \       0x24   0x0000'FC07        DC32 64'519, 33'840, 0

   \              0x0000'8430  

   \              0x0000'0000
    108              {WHITE, CYAN, BLUE, RED, MAGENTA, LGRAY, GREEN, YELLOW, BROWN, BRRED, GRAY};
    109          

   \                                 In section .text, align 2, keep-with-next
    110          void Delay(void){
    111            for(int i=0; i<1000000; i++);
   \                     Delay: (+1)
   \        0x0   0x2000             MOVS     R0,#+0
   \        0x2   0xE000             B.N      ??Delay_0
   \                     ??Delay_1: (+1)
   \        0x4   0x1C40             ADDS     R0,R0,#+1
   \                     ??Delay_0: (+1)
   \        0x6   0x....             LDR.N    R1,??DataTable5_5
   \        0x8   0x4288             CMP      R0,R1
   \        0xA   0xDBFB             BLT.N    ??Delay_1
    112          }
   \        0xC   0x4770             BX       LR
    113          

   \                                 In section .text, align 2, keep-with-next
    114          int main(void) {
   \                     main: (+1)
   \        0x0   0xB53E             PUSH     {R1-R5,LR}
    115              Init_Configure();
   \        0x2   0x.... 0x....      BL       Init_Configure
    116             
    117              uint32_t threshold = 100;
   \        0x6   0x2464             MOVS     R4,#+100
    118              uint16_t state = 0;
   \        0x8   0x2500             MOVS     R5,#+0
   \        0xA   0xE030             B.N      ??main_0
    119              while (1) {
    120                if(state && ADC_Value[0] < threshold){
    121                    LCD_Clear(color[0]);    // change background color - white
    122                    state = 0;
    123                }
    124          
    125                  else if (!state && ADC_Value[0] > threshold) {   // flash
    126                      LCD_Clear(color[11]);   // change background color - gray
    127                      state = 1;
    128                  }
    129                
    130                if(!state) LCD_ShowNum(100, 50, ADC_Value[0], 4, color[2], color[0]);  // print brightness
    131                else LCD_ShowNum(100, 50, ADC_Value[0], 4, color[0], color[11]);  // print brightness
   \                     ??main_1: (+1)
   \        0xC   0x....             LDR.N    R0,??DataTable5_6
   \        0xE   0x6AC1             LDR      R1,[R0, #+44]
   \       0x10   0xB289             UXTH     R1,R1
   \       0x12   0x9101             STR      R1,[SP, #+4]
   \       0x14   0x6800             LDR      R0,[R0, #+0]
   \       0x16   0xB280             UXTH     R0,R0
   \       0x18   0x9000             STR      R0,[SP, #+0]
   \       0x1A   0x2304             MOVS     R3,#+4
   \       0x1C   0x....             LDR.N    R0,??DataTable5_3
   \       0x1E   0x6802             LDR      R2,[R0, #+0]
   \       0x20   0x2132             MOVS     R1,#+50
   \       0x22   0x2064             MOVS     R0,#+100
   \       0x24   0x.... 0x....      BL       LCD_ShowNum
   \       0x28   0xE01F             B.N      ??main_2
   \                     ??main_3: (+1)
   \       0x2A   0x0028             MOVS     R0,R5
   \       0x2C   0xB280             UXTH     R0,R0
   \       0x2E   0x2800             CMP      R0,#+0
   \       0x30   0xD109             BNE.N    ??main_4
   \       0x32   0x....             LDR.N    R0,??DataTable5_3
   \       0x34   0x6800             LDR      R0,[R0, #+0]
   \       0x36   0x4284             CMP      R4,R0
   \       0x38   0xD205             BCS.N    ??main_4
   \       0x3A   0x....             LDR.N    R0,??DataTable5_6
   \       0x3C   0x6AC0             LDR      R0,[R0, #+44]
   \       0x3E   0xB280             UXTH     R0,R0
   \       0x40   0x.... 0x....      BL       LCD_Clear
   \       0x44   0x2501             MOVS     R5,#+1
   \                     ??main_4: (+1)
   \       0x46   0x0028             MOVS     R0,R5
   \       0x48   0xB280             UXTH     R0,R0
   \       0x4A   0x2800             CMP      R0,#+0
   \       0x4C   0xD1DE             BNE.N    ??main_1
   \       0x4E   0x....             LDR.N    R0,??DataTable5_6
   \       0x50   0x6801             LDR      R1,[R0, #+0]
   \       0x52   0xB289             UXTH     R1,R1
   \       0x54   0x9101             STR      R1,[SP, #+4]
   \       0x56   0x6880             LDR      R0,[R0, #+8]
   \       0x58   0xB280             UXTH     R0,R0
   \       0x5A   0x9000             STR      R0,[SP, #+0]
   \       0x5C   0x2304             MOVS     R3,#+4
   \       0x5E   0x....             LDR.N    R0,??DataTable5_3
   \       0x60   0x6802             LDR      R2,[R0, #+0]
   \       0x62   0x2132             MOVS     R1,#+50
   \       0x64   0x2064             MOVS     R0,#+100
   \       0x66   0x.... 0x....      BL       LCD_ShowNum
    132                  Delay();
   \                     ??main_2: (+1)
   \       0x6A   0x.... 0x....      BL       Delay
   \                     ??main_0: (+1)
   \       0x6E   0x0028             MOVS     R0,R5
   \       0x70   0xB280             UXTH     R0,R0
   \       0x72   0x2800             CMP      R0,#+0
   \       0x74   0xD0D9             BEQ.N    ??main_3
   \       0x76   0x....             LDR.N    R0,??DataTable5_3
   \       0x78   0x6800             LDR      R0,[R0, #+0]
   \       0x7A   0x42A0             CMP      R0,R4
   \       0x7C   0xD2D5             BCS.N    ??main_3
   \       0x7E   0x....             LDR.N    R0,??DataTable5_6
   \       0x80   0x6800             LDR      R0,[R0, #+0]
   \       0x82   0xB280             UXTH     R0,R0
   \       0x84   0x.... 0x....      BL       LCD_Clear
   \       0x88   0x2500             MOVS     R5,#+0
   \       0x8A   0xE7DC             B.N      ??main_4
    133              }
    134          
    135              return 0;
                     ^
Warning[Pe111]: statement is unreachable
    136          }

   \                                 In section .text, align 4, keep-with-next
   \                     ??DataTable5:
   \        0x0   0x4001'0C00        DC32     0x40010c00

   \                                 In section .text, align 4, keep-with-next
   \                     ??DataTable5_1:
   \        0x0   0x4001'2400        DC32     0x40012400

   \                                 In section .text, align 4, keep-with-next
   \                     ??DataTable5_2:
   \        0x0   0x4001'244C        DC32     0x4001244c

   \                                 In section .text, align 4, keep-with-next
   \                     ??DataTable5_3:
   \        0x0   0x....'....        DC32     ADC_Value

   \                                 In section .text, align 4, keep-with-next
   \                     ??DataTable5_4:
   \        0x0   0x4002'0008        DC32     0x40020008

   \                                 In section .text, align 4, keep-with-next
   \                     ??DataTable5_5:
   \        0x0   0x000F'4240        DC32     0xf4240

   \                                 In section .text, align 4, keep-with-next
   \                     ??DataTable5_6:
   \        0x0   0x....'....        DC32     color

   Maximum stack usage in bytes:

   .cstack Function
   ------- --------
      32   ADC_Configure
        32   -> ADC_Cmd
        32   -> ADC_DMACmd
        32   -> ADC_GetCalibrationStatus
        32   -> ADC_GetResetCalibrationStatus
        32   -> ADC_Init
        32   -> ADC_RegularChannelConfig
        32   -> ADC_ResetCalibration
        32   -> ADC_SoftwareStartConvCmd
        32   -> ADC_StartCalibration
      56   DMA_Configure
        56   -> DMA_Cmd
        56   -> DMA_Init
       0   Delay
       8   GPIO_Configure
         8   -> GPIO_Init
       8   Init_Configure
         8   -> ADC_Configure
         8   -> DMA_Configure
         8   -> GPIO_Configure
         8   -> LCD_Init
         8   -> RCC_Configure
         8   -> SystemInit
       8   RCC_Configure
         8   -> RCC_AHBPeriphClockCmd
         8   -> RCC_APB2PeriphClockCmd
      24   main
        24   -> Delay
        24   -> Init_Configure
        24   -> LCD_Clear
        24   -> LCD_ShowNum


   Section sizes:

   Bytes  Function/Label
   -----  --------------
       4  ??DataTable5
       4  ??DataTable5_1
       4  ??DataTable5_2
       4  ??DataTable5_3
       4  ??DataTable5_4
       4  ??DataTable5_5
       4  ??DataTable5_6
     118  ADC_Configure
       4  ADC_Value
      72  DMA_Configure
      14  Delay
      24  GPIO_Configure
      28  Init_Configure
      38  RCC_Configure
      48  color
     140  main

 
   4 bytes in section .bss
  48 bytes in section .data
 462 bytes in section .text
 
 462 bytes of CODE memory
  52 bytes of DATA memory

Errors: none
Warnings: 1
